<?xml version="1.0" encoding="UTF-8"?>
<!-- Generated by org.testng.reporters.JUnitXMLReporter -->
<testsuite hostname="Rayhan" ignored="0" name="Default test" tests="6" failures="2" timestamp="2022-07-07T03:32:37 EDT" time="5.258" errors="0">
  <testcase name="test03" time="0.003" classname="hw_17.WebDriver_manager"/>
  <testcase name="test04" time="0.005" classname="hw_17.WebDriver_manager"/>
  <testcase name="test01" time="0.031" classname="hw_17.WebDriver_manager"/>
  <testcase name="test02" time="0.015" classname="hw_17.WebDriver_manager"/>
  <testcase name="test05" time="0.016" classname="hw_17.WebDriver_manager">
    <failure type="java.lang.AssertionError" message="Home Page Title doesn&amp;apos;t match ... expected [https://www3.mtb.com/personal] but found [M&amp;amp;T Bank - Personal &amp;amp; Business Banking, Mortgages, &amp;amp; More | M&amp;amp;T Bank]">
      <![CDATA[java.lang.AssertionError: Home Page Title doesn't match ... expected [https://www3.mtb.com/personal] but found [M&T Bank - Personal & Business Banking, Mortgages, & More | M&T Bank]
at org.testng.Assert.fail(Assert.java:99)
at org.testng.Assert.failNotEquals(Assert.java:1037)
at org.testng.Assert.assertEqualsImpl(Assert.java:140)
at org.testng.Assert.assertEquals(Assert.java:122)
at org.testng.Assert.assertEquals(Assert.java:629)
at hw_17.WebDriver_manager.test05(WebDriver_manager.java:67)
at sun.reflect.NativeMethodAccessorImpl.invoke0(Native Method)
at sun.reflect.NativeMethodAccessorImpl.invoke(Unknown Source)
at sun.reflect.DelegatingMethodAccessorImpl.invoke(Unknown Source)
at java.lang.reflect.Method.invoke(Unknown Source)
at org.testng.internal.MethodInvocationHelper.invokeMethod(MethodInvocationHelper.java:133)
at org.testng.internal.InvokeMethodRunnable.runOne(InvokeMethodRunnable.java:45)
at org.testng.internal.InvokeMethodRunnable.call(InvokeMethodRunnable.java:73)
at org.testng.internal.InvokeMethodRunnable.call(InvokeMethodRunnable.java:11)
at java.util.concurrent.FutureTask.run(Unknown Source)
at java.util.concurrent.ThreadPoolExecutor.runWorker(Unknown Source)
at java.util.concurrent.ThreadPoolExecutor$Worker.run(Unknown Source)
at java.lang.Thread.run(Unknown Source)
]]>
    </failure>
  </testcase> <!-- test05 -->
  <testcase name="test05" time="0.004" classname="hw_17.WebDriver_manager">
    <failure type="java.lang.AssertionError" message="Home Page Title doesn&amp;apos;t match ... expected [https://www3.mtb.com/personal] but found [M&amp;amp;T Bank - Personal &amp;amp; Business Banking, Mortgages, &amp;amp; More | M&amp;amp;T Bank]">
      <![CDATA[java.lang.AssertionError: Home Page Title doesn't match ... expected [https://www3.mtb.com/personal] but found [M&T Bank - Personal & Business Banking, Mortgages, & More | M&T Bank]
at org.testng.Assert.fail(Assert.java:99)
at org.testng.Assert.failNotEquals(Assert.java:1037)
at org.testng.Assert.assertEqualsImpl(Assert.java:140)
at org.testng.Assert.assertEquals(Assert.java:122)
at org.testng.Assert.assertEquals(Assert.java:629)
at hw_17.WebDriver_manager.test05(WebDriver_manager.java:67)
at sun.reflect.NativeMethodAccessorImpl.invoke0(Native Method)
at sun.reflect.NativeMethodAccessorImpl.invoke(Unknown Source)
at sun.reflect.DelegatingMethodAccessorImpl.invoke(Unknown Source)
at java.lang.reflect.Method.invoke(Unknown Source)
at org.testng.internal.MethodInvocationHelper.invokeMethod(MethodInvocationHelper.java:133)
at org.testng.internal.InvokeMethodRunnable.runOne(InvokeMethodRunnable.java:45)
at org.testng.internal.InvokeMethodRunnable.call(InvokeMethodRunnable.java:73)
at org.testng.internal.InvokeMethodRunnable.call(InvokeMethodRunnable.java:11)
at java.util.concurrent.FutureTask.run(Unknown Source)
at java.util.concurrent.ThreadPoolExecutor.runWorker(Unknown Source)
at java.util.concurrent.ThreadPoolExecutor$Worker.run(Unknown Source)
at java.lang.Thread.run(Unknown Source)
]]>
    </failure>
  </testcase> <!-- test05 -->
</testsuite> <!-- Default test -->
